<?xml version="1.0" encoding="UTF-8"?>
<testsuite xmlns:xsi="http://www.w3.org/2001/XMLSchema-instance" xsi:noNamespaceSchemaLocation="https://maven.apache.org/surefire/maven-surefire-plugin/xsd/surefire-test-report-3.0.xsd" version="3.0" name="features.FeatureRunner" time="3.825" tests="4" errors="0" skipped="0" failures="0">
  <properties>
[...]
</properties>
  <testcase name="[3.1:43] with csv get rates for INR" classname="[DataDrivenTests] exchange rates data driven" time="1.074"/>
  <testcase name="[3.2:43] with csv get rates for HKD" classname="[DataDrivenTests] exchange rates data driven" time="0.07"/>
  <testcase name="[3.3:43] with csv get rates for GTM" classname="[DataDrivenTests] exchange rates data driven" time="0.07"/>
  <testcase name="[3.4:43] with csv get rates for BRL" classname="[DataDrivenTests] exchange rates data driven" time="0.317"/>
</testsuite>